<?xml version="1.0" encoding="UTF-8" ?>
<testsuite tests="6" failures="0" name="VehicleTest" time="0" errors="0" skipped="0">
  <properties>
[...]
</properties>
  <testcase classname="VehicleTest" name="getVehicleId" time="0"/>
  <testcase classname="VehicleTest" name="getNo_Of_Seats" time="0"/>
  <testcase classname="VehicleTest" name="getLicence_plate" time="0"/>
  <testcase classname="VehicleTest" name="getFlag" time="0"/>
  <testcase classname="VehicleTest" name="getBrand" time="0"/>
  <testcase classname="VehicleTest" name="getModel" time="0"/>
</testsuite>